[0.246s] DEBUG:colcon:Command line arguments: ['/usr/bin/colcon', 'build', '--symlink-install']
[0.246s] DEBUG:colcon:Parsed command line arguments: Namespace(log_base=None, log_level=None, verb_name='build', build_base='build', install_base='install', merge_install=False, symlink_install=True, test_result_base=None, continue_on_error=False, executor='parallel', parallel_workers=4, event_handlers=None, ignore_user_meta=False, metas=['./colcon.meta'], base_paths=['.'], packages_ignore=None, packages_ignore_regex=None, paths=None, packages_up_to=None, packages_up_to_regex=None, packages_above=None, packages_above_and_dependencies=None, packages_above_depth=None, packages_select_by_dep=None, packages_skip_by_dep=None, packages_skip_up_to=None, packages_select_build_failed=False, packages_skip_build_finished=False, packages_select_test_failures=False, packages_skip_test_passed=False, packages_select=None, packages_skip=None, packages_select_regex=None, packages_skip_regex=None, packages_start=None, packages_end=None, allow_overriding=[], cmake_args=None, cmake_target=None, cmake_target_skip_unavailable=False, cmake_clean_cache=False, cmake_clean_first=False, cmake_force_configure=False, ament_cmake_args=None, catkin_cmake_args=None, catkin_skip_building_tests=False, mixin_files=None, mixin=None, verb_parser=<colcon_mixin.mixin.mixin_argument.MixinArgumentDecorator object at 0x7c2d9408af30>, verb_extension=<colcon_core.verb.build.BuildVerb object at 0x7c2d9408a810>, main=<bound method BuildVerb.main of <colcon_core.verb.build.BuildVerb object at 0x7c2d9408a810>>, mixin_verb=('build',))
[0.460s] Level 1:colcon.colcon_core.package_discovery:discover_packages(colcon_meta) check parameters
[0.460s] Level 1:colcon.colcon_core.package_discovery:discover_packages(recursive) check parameters
[0.460s] Level 1:colcon.colcon_core.package_discovery:discover_packages(ignore) check parameters
[0.460s] Level 1:colcon.colcon_core.package_discovery:discover_packages(path) check parameters
[0.461s] Level 1:colcon.colcon_core.package_discovery:discover_packages(colcon_meta) discover
[0.461s] Level 1:colcon.colcon_core.package_discovery:discover_packages(recursive) discover
[0.461s] INFO:colcon.colcon_core.package_discovery:Crawling recursively for packages in '/home/indoor-navigation/Indoor-Navigation/Indoor-Navigation/server_ws/src'
[0.461s] Level 1:colcon.colcon_core.package_identification:_identify(.) by extensions ['ignore', 'ignore_ament_install']
[0.461s] Level 1:colcon.colcon_core.package_identification:_identify(.) by extension 'ignore'
[0.461s] Level 1:colcon.colcon_core.package_identification:_identify(.) by extension 'ignore_ament_install'
[0.461s] Level 1:colcon.colcon_core.package_identification:_identify(.) by extensions ['colcon_pkg']
[0.461s] Level 1:colcon.colcon_core.package_identification:_identify(.) by extension 'colcon_pkg'
[0.462s] Level 1:colcon.colcon_core.package_identification:_identify(.) by extensions ['colcon_meta']
[0.462s] Level 1:colcon.colcon_core.package_identification:_identify(.) by extension 'colcon_meta'
[0.462s] Level 1:colcon.colcon_core.package_identification:_identify(.) by extensions ['ros']
[0.462s] Level 1:colcon.colcon_core.package_identification:_identify(.) by extension 'ros'
[0.548s] Level 1:colcon.colcon_core.package_identification:_identify(.) by extensions ['cmake', 'python']
[0.548s] Level 1:colcon.colcon_core.package_identification:_identify(.) by extension 'cmake'
[0.548s] Level 1:colcon.colcon_core.package_identification:_identify(.) by extension 'python'
[0.548s] Level 1:colcon.colcon_core.package_identification:_identify(.) by extensions ['python_setup_py']
[0.548s] Level 1:colcon.colcon_core.package_identification:_identify(.) by extension 'python_setup_py'
[0.548s] Level 1:colcon.colcon_core.package_identification:_identify(build) by extensions ['ignore', 'ignore_ament_install']
[0.548s] Level 1:colcon.colcon_core.package_identification:_identify(build) by extension 'ignore'
[0.549s] Level 1:colcon.colcon_core.package_identification:_identify(build) ignored
[0.549s] Level 1:colcon.colcon_core.package_identification:_identify(install) by extensions ['ignore', 'ignore_ament_install']
[0.549s] Level 1:colcon.colcon_core.package_identification:_identify(install) by extension 'ignore'
[0.549s] Level 1:colcon.colcon_core.package_identification:_identify(install) ignored
[0.549s] Level 1:colcon.colcon_core.package_identification:_identify(log) by extensions ['ignore', 'ignore_ament_install']
[0.549s] Level 1:colcon.colcon_core.package_identification:_identify(log) by extension 'ignore'
[0.549s] Level 1:colcon.colcon_core.package_identification:_identify(log) ignored
[0.550s] Level 1:colcon.colcon_core.package_identification:_identify(nav_bot1) by extensions ['ignore', 'ignore_ament_install']
[0.550s] Level 1:colcon.colcon_core.package_identification:_identify(nav_bot1) by extension 'ignore'
[0.550s] Level 1:colcon.colcon_core.package_identification:_identify(nav_bot1) by extension 'ignore_ament_install'
[0.550s] Level 1:colcon.colcon_core.package_identification:_identify(nav_bot1) by extensions ['colcon_pkg']
[0.550s] Level 1:colcon.colcon_core.package_identification:_identify(nav_bot1) by extension 'colcon_pkg'
[0.550s] Level 1:colcon.colcon_core.package_identification:_identify(nav_bot1) by extensions ['colcon_meta']
[0.550s] Level 1:colcon.colcon_core.package_identification:_identify(nav_bot1) by extension 'colcon_meta'
[0.550s] Level 1:colcon.colcon_core.package_identification:_identify(nav_bot1) by extensions ['ros']
[0.550s] Level 1:colcon.colcon_core.package_identification:_identify(nav_bot1) by extension 'ros'
[0.561s] DEBUG:colcon.colcon_core.package_identification:Found ROS schema reference in package manifest in 'nav_bot1'
[0.561s] WARNING:colcon.colcon_core.package_identification:Failed to parse ROS package manifest in 'nav_bot1': Error(s) in package 'nav_bot1/package.xml':
Invalid email "" for person "Indoor-Navigation"
Maintainers must have an email address
[0.562s] Level 1:colcon.colcon_core.package_identification:_identify(nav_bot1) by extensions ['cmake', 'python']
[0.562s] Level 1:colcon.colcon_core.package_identification:_identify(nav_bot1) by extension 'cmake'
[0.565s] Level 1:colcon.colcon_core.package_identification:_identify(nav_bot1) by extension 'python'
[0.565s] DEBUG:colcon.colcon_core.package_identification:Package 'nav_bot1' with type 'cmake' and name 'nav_bot1'
[0.565s] Level 1:colcon.colcon_core.package_discovery:discover_packages(recursive) using defaults
[0.565s] Level 1:colcon.colcon_core.package_discovery:discover_packages(ignore) discover
[0.566s] Level 1:colcon.colcon_core.package_discovery:discover_packages(ignore) using defaults
[0.566s] Level 1:colcon.colcon_core.package_discovery:discover_packages(path) discover
[0.566s] Level 1:colcon.colcon_core.package_discovery:discover_packages(path) using defaults
[0.665s] Level 1:colcon.colcon_core.package_discovery:discover_packages(prefix_path) check parameters
[0.665s] Level 1:colcon.colcon_core.package_discovery:discover_packages(prefix_path) discover
[0.678s] DEBUG:colcon.colcon_installed_package_information.package_discovery:Found 285 installed packages in /opt/ros/jazzy
[0.679s] Level 1:colcon.colcon_core.package_discovery:discover_packages(prefix_path) using defaults
[0.796s] Level 5:colcon.colcon_core.verb:set package 'nav_bot1' build argument 'cmake_args' from command line to 'None'
[0.796s] Level 5:colcon.colcon_core.verb:set package 'nav_bot1' build argument 'cmake_target' from command line to 'None'
[0.796s] Level 5:colcon.colcon_core.verb:set package 'nav_bot1' build argument 'cmake_target_skip_unavailable' from command line to 'False'
[0.796s] Level 5:colcon.colcon_core.verb:set package 'nav_bot1' build argument 'cmake_clean_cache' from command line to 'False'
[0.796s] Level 5:colcon.colcon_core.verb:set package 'nav_bot1' build argument 'cmake_clean_first' from command line to 'False'
[0.796s] Level 5:colcon.colcon_core.verb:set package 'nav_bot1' build argument 'cmake_force_configure' from command line to 'False'
[0.796s] Level 5:colcon.colcon_core.verb:set package 'nav_bot1' build argument 'ament_cmake_args' from command line to 'None'
[0.797s] Level 5:colcon.colcon_core.verb:set package 'nav_bot1' build argument 'catkin_cmake_args' from command line to 'None'
[0.797s] Level 5:colcon.colcon_core.verb:set package 'nav_bot1' build argument 'catkin_skip_building_tests' from command line to 'False'
[0.797s] DEBUG:colcon.colcon_core.verb:Building package 'nav_bot1' with the following arguments: {'ament_cmake_args': None, 'build_base': '/home/indoor-navigation/Indoor-Navigation/Indoor-Navigation/server_ws/src/build/nav_bot1', 'catkin_cmake_args': None, 'catkin_skip_building_tests': False, 'cmake_args': None, 'cmake_clean_cache': False, 'cmake_clean_first': False, 'cmake_force_configure': False, 'cmake_target': None, 'cmake_target_skip_unavailable': False, 'install_base': '/home/indoor-navigation/Indoor-Navigation/Indoor-Navigation/server_ws/src/install/nav_bot1', 'merge_install': False, 'path': '/home/indoor-navigation/Indoor-Navigation/Indoor-Navigation/server_ws/src/nav_bot1', 'symlink_install': True, 'test_result_base': None}
[0.797s] INFO:colcon.colcon_core.executor:Executing jobs using 'parallel' executor
[0.813s] DEBUG:colcon.colcon_parallel_executor.executor.parallel:run_until_complete
[0.814s] INFO:colcon.colcon_cmake.task.cmake.build:Building CMake package in '/home/indoor-navigation/Indoor-Navigation/Indoor-Navigation/server_ws/src/nav_bot1'
[0.852s] INFO:colcon.colcon_core.plugin_system:Skipping extension 'colcon_core.shell.bat': Not used on non-Windows systems
[0.852s] INFO:colcon.colcon_core.shell:Skip shell extension 'powershell' for command environment: Not usable outside of PowerShell
[0.852s] DEBUG:colcon.colcon_core.shell:Skip shell extension 'dsv' for command environment
[0.911s] DEBUG:colcon.colcon_core.event_handler.log_command:Invoking command in '/home/indoor-navigation/Indoor-Navigation/Indoor-Navigation/server_ws/src/build/nav_bot1': DEBUGINFOD_URLS=https://debuginfod.ubuntu.com /usr/bin/cmake /home/indoor-navigation/Indoor-Navigation/Indoor-Navigation/server_ws/src/nav_bot1 -DCMAKE_INSTALL_PREFIX=/home/indoor-navigation/Indoor-Navigation/Indoor-Navigation/server_ws/src/install/nav_bot1
[16.630s] DEBUG:colcon.colcon_parallel_executor.executor.parallel:run_until_complete was interrupted
[16.630s] DEBUG:colcon.colcon_parallel_executor.executor.parallel:run_until_complete again
[16.809s] DEBUG:colcon.colcon_core.event_handler.log_command:Invoked command in '/home/indoor-navigation/Indoor-Navigation/Indoor-Navigation/server_ws/src/build/nav_bot1' returned '-2': DEBUGINFOD_URLS=https://debuginfod.ubuntu.com /usr/bin/cmake /home/indoor-navigation/Indoor-Navigation/Indoor-Navigation/server_ws/src/nav_bot1 -DCMAKE_INSTALL_PREFIX=/home/indoor-navigation/Indoor-Navigation/Indoor-Navigation/server_ws/src/install/nav_bot1
[16.821s] DEBUG:colcon.colcon_parallel_executor.executor.parallel:run_until_complete finished
[16.821s] DEBUG:colcon.colcon_parallel_executor.executor.parallel:closing loop
[16.822s] DEBUG:colcon.colcon_parallel_executor.executor.parallel:loop closed
[16.825s] DEBUG:colcon.colcon_core.event_reactor:joining thread
[16.870s] INFO:colcon.colcon_core.plugin_system:Skipping extension 'colcon_notification.desktop_notification.terminal_notifier': Not used on non-Darwin systems
[16.870s] INFO:colcon.colcon_core.plugin_system:Skipping extension 'colcon_notification.desktop_notification.win32': Not used on non-Windows systems
[16.870s] INFO:colcon.colcon_notification.desktop_notification:Sending desktop notification using 'notify2'
[17.044s] DEBUG:colcon.colcon_core.event_reactor:joined thread
[17.045s] INFO:colcon.colcon_core.shell:Creating prefix script '/home/indoor-navigation/Indoor-Navigation/Indoor-Navigation/server_ws/src/install/local_setup.ps1'
[17.049s] INFO:colcon.colcon_core.shell:Creating prefix util module '/home/indoor-navigation/Indoor-Navigation/Indoor-Navigation/server_ws/src/install/_local_setup_util_ps1.py'
[17.053s] INFO:colcon.colcon_core.shell:Creating prefix chain script '/home/indoor-navigation/Indoor-Navigation/Indoor-Navigation/server_ws/src/install/setup.ps1'
[17.056s] INFO:colcon.colcon_core.shell:Creating prefix script '/home/indoor-navigation/Indoor-Navigation/Indoor-Navigation/server_ws/src/install/local_setup.sh'
[17.061s] INFO:colcon.colcon_core.shell:Creating prefix util module '/home/indoor-navigation/Indoor-Navigation/Indoor-Navigation/server_ws/src/install/_local_setup_util_sh.py'
[17.062s] INFO:colcon.colcon_core.shell:Creating prefix chain script '/home/indoor-navigation/Indoor-Navigation/Indoor-Navigation/server_ws/src/install/setup.sh'
[17.069s] INFO:colcon.colcon_core.shell:Creating prefix script '/home/indoor-navigation/Indoor-Navigation/Indoor-Navigation/server_ws/src/install/local_setup.bash'
[17.073s] INFO:colcon.colcon_core.shell:Creating prefix chain script '/home/indoor-navigation/Indoor-Navigation/Indoor-Navigation/server_ws/src/install/setup.bash'
[17.076s] INFO:colcon.colcon_core.shell:Creating prefix script '/home/indoor-navigation/Indoor-Navigation/Indoor-Navigation/server_ws/src/install/local_setup.zsh'
[17.079s] INFO:colcon.colcon_core.shell:Creating prefix chain script '/home/indoor-navigation/Indoor-Navigation/Indoor-Navigation/server_ws/src/install/setup.zsh'
