[0.268s] Invoking command in '/home/indoor-navigation/Indoor-Navigation/Indoor-Navigation/server_ws/build/nav_bot1': CMAKE_PREFIX_PATH=${CMAKE_PREFIX_PATH}:/opt/ros/jazzy DEBUGINFOD_URLS=https://debuginfod.ubuntu.com /usr/bin/cmake --build /home/indoor-navigation/Indoor-Navigation/Indoor-Navigation/server_ws/build/nav_bot1 -- -j4 -l4
[0.763s] Invoked command in '/home/indoor-navigation/Indoor-Navigation/Indoor-Navigation/server_ws/build/nav_bot1' returned '0': CMAKE_PREFIX_PATH=${CMAKE_PREFIX_PATH}:/opt/ros/jazzy DEBUGINFOD_URLS=https://debuginfod.ubuntu.com /usr/bin/cmake --build /home/indoor-navigation/Indoor-Navigation/Indoor-Navigation/server_ws/build/nav_bot1 -- -j4 -l4
[0.968s] Invoking command in '/home/indoor-navigation/Indoor-Navigation/Indoor-Navigation/server_ws/build/nav_bot1': CMAKE_PREFIX_PATH=${CMAKE_PREFIX_PATH}:/opt/ros/jazzy DEBUGINFOD_URLS=https://debuginfod.ubuntu.com /usr/bin/cmake --install /home/indoor-navigation/Indoor-Navigation/Indoor-Navigation/server_ws/build/nav_bot1
[1.110s] -- Install configuration: ""
[1.119s] -- Execute custom install script
[1.119s] -- Up-to-date symlink: /home/indoor-navigation/Indoor-Navigation/Indoor-Navigation/server_ws/install/nav_bot1/share/nav_bot1/config/empty.yaml
[1.121s] -- Up-to-date symlink: /home/indoor-navigation/Indoor-Navigation/Indoor-Navigation/server_ws/install/nav_bot1/share/nav_bot1/description/inertial_macros.xacro
[1.122s] -- Up-to-date symlink: /home/indoor-navigation/Indoor-Navigation/Indoor-Navigation/server_ws/install/nav_bot1/share/nav_bot1/description/xiao_geek_robot.xacro
[1.122s] -- Up-to-date symlink: /home/indoor-navigation/Indoor-Navigation/Indoor-Navigation/server_ws/install/nav_bot1/share/nav_bot1/description/xiaor_geek_robot.urdf.xacro
[1.154s] -- Up-to-date symlink: /home/indoor-navigation/Indoor-Navigation/Indoor-Navigation/server_ws/install/nav_bot1/share/nav_bot1/launch/rsp.launch.py
[1.154s] -- Up-to-date symlink: /home/indoor-navigation/Indoor-Navigation/Indoor-Navigation/server_ws/install/nav_bot1/share/nav_bot1/worlds/empty.world
[1.154s] -- Up-to-date symlink: /home/indoor-navigation/Indoor-Navigation/Indoor-Navigation/server_ws/install/nav_bot1/share/ament_index/resource_index/package_run_dependencies/nav_bot1
[1.154s] -- Up-to-date symlink: /home/indoor-navigation/Indoor-Navigation/Indoor-Navigation/server_ws/install/nav_bot1/share/ament_index/resource_index/parent_prefix_path/nav_bot1
[1.167s] -- Up-to-date symlink: /home/indoor-navigation/Indoor-Navigation/Indoor-Navigation/server_ws/install/nav_bot1/share/nav_bot1/environment/ament_prefix_path.sh
[1.167s] -- Up-to-date symlink: /home/indoor-navigation/Indoor-Navigation/Indoor-Navigation/server_ws/install/nav_bot1/share/nav_bot1/environment/ament_prefix_path.dsv
[1.167s] -- Up-to-date symlink: /home/indoor-navigation/Indoor-Navigation/Indoor-Navigation/server_ws/install/nav_bot1/share/nav_bot1/environment/path.sh
[1.168s] -- Up-to-date symlink: /home/indoor-navigation/Indoor-Navigation/Indoor-Navigation/server_ws/install/nav_bot1/share/nav_bot1/environment/path.dsv
[1.168s] -- Up-to-date symlink: /home/indoor-navigation/Indoor-Navigation/Indoor-Navigation/server_ws/install/nav_bot1/share/nav_bot1/local_setup.bash
[1.168s] -- Up-to-date symlink: /home/indoor-navigation/Indoor-Navigation/Indoor-Navigation/server_ws/install/nav_bot1/share/nav_bot1/local_setup.sh
[1.168s] -- Up-to-date symlink: /home/indoor-navigation/Indoor-Navigation/Indoor-Navigation/server_ws/install/nav_bot1/share/nav_bot1/local_setup.zsh
[1.170s] -- Up-to-date symlink: /home/indoor-navigation/Indoor-Navigation/Indoor-Navigation/server_ws/install/nav_bot1/share/nav_bot1/local_setup.dsv
[1.170s] -- Symlinking: /home/indoor-navigation/Indoor-Navigation/Indoor-Navigation/server_ws/install/nav_bot1/share/nav_bot1/package.dsv
[1.234s] -- Up-to-date symlink: /home/indoor-navigation/Indoor-Navigation/Indoor-Navigation/server_ws/install/nav_bot1/share/ament_index/resource_index/packages/nav_bot1
[1.238s] -- Up-to-date symlink: /home/indoor-navigation/Indoor-Navigation/Indoor-Navigation/server_ws/install/nav_bot1/share/nav_bot1/cmake/nav_bot1Config.cmake
[1.239s] -- Up-to-date symlink: /home/indoor-navigation/Indoor-Navigation/Indoor-Navigation/server_ws/install/nav_bot1/share/nav_bot1/cmake/nav_bot1Config-version.cmake
[1.239s] -- Up-to-date symlink: /home/indoor-navigation/Indoor-Navigation/Indoor-Navigation/server_ws/install/nav_bot1/share/nav_bot1/package.xml
[1.257s] Invoked command in '/home/indoor-navigation/Indoor-Navigation/Indoor-Navigation/server_ws/build/nav_bot1' returned '0': CMAKE_PREFIX_PATH=${CMAKE_PREFIX_PATH}:/opt/ros/jazzy DEBUGINFOD_URLS=https://debuginfod.ubuntu.com /usr/bin/cmake --install /home/indoor-navigation/Indoor-Navigation/Indoor-Navigation/server_ws/build/nav_bot1
