[0.189s] Invoking command in '/home/indoor-navigation/Indoor-Navigation/Indoor-Navigation/server_ws/build/nav_bot1': CMAKE_PREFIX_PATH=${CMAKE_PREFIX_PATH}:/opt/ros/jazzy DEBUGINFOD_URLS=https://debuginfod.ubuntu.com /usr/bin/cmake --build /home/indoor-navigation/Indoor-Navigation/Indoor-Navigation/server_ws/build/nav_bot1 -- -j4 -l4
[0.582s] Invoked command in '/home/indoor-navigation/Indoor-Navigation/Indoor-Navigation/server_ws/build/nav_bot1' returned '0': CMAKE_PREFIX_PATH=${CMAKE_PREFIX_PATH}:/opt/ros/jazzy DEBUGINFOD_URLS=https://debuginfod.ubuntu.com /usr/bin/cmake --build /home/indoor-navigation/Indoor-Navigation/Indoor-Navigation/server_ws/build/nav_bot1 -- -j4 -l4
[0.674s] Invoking command in '/home/indoor-navigation/Indoor-Navigation/Indoor-Navigation/server_ws/build/nav_bot1': CMAKE_PREFIX_PATH=${CMAKE_PREFIX_PATH}:/opt/ros/jazzy DEBUGINFOD_URLS=https://debuginfod.ubuntu.com /usr/bin/cmake --install /home/indoor-navigation/Indoor-Navigation/Indoor-Navigation/server_ws/build/nav_bot1
[0.845s] -- Install configuration: ""
[0.845s] -- Execute custom install script
[0.845s] -- Up-to-date symlink: /home/indoor-navigation/Indoor-Navigation/Indoor-Navigation/server_ws/install/nav_bot1/share/nav_bot1/config/empty.yaml
[0.846s] -- Up-to-date symlink: /home/indoor-navigation/Indoor-Navigation/Indoor-Navigation/server_ws/install/nav_bot1/share/nav_bot1/description/inertial_macros.xacro
[0.846s] -- Up-to-date symlink: /home/indoor-navigation/Indoor-Navigation/Indoor-Navigation/server_ws/install/nav_bot1/share/nav_bot1/description/xiao_geek_robot.xacro
[0.854s] -- Up-to-date symlink: /home/indoor-navigation/Indoor-Navigation/Indoor-Navigation/server_ws/install/nav_bot1/share/nav_bot1/description/xiaor_geek_robot.urdf.xacro
[0.854s] -- Up-to-date symlink: /home/indoor-navigation/Indoor-Navigation/Indoor-Navigation/server_ws/install/nav_bot1/share/nav_bot1/launch/rsp.launch.py
[0.860s] -- Up-to-date symlink: /home/indoor-navigation/Indoor-Navigation/Indoor-Navigation/server_ws/install/nav_bot1/share/nav_bot1/worlds/empty.world
[0.863s] -- Up-to-date symlink: /home/indoor-navigation/Indoor-Navigation/Indoor-Navigation/server_ws/install/nav_bot1/share/ament_index/resource_index/package_run_dependencies/nav_bot1
[0.880s] -- Up-to-date symlink: /home/indoor-navigation/Indoor-Navigation/Indoor-Navigation/server_ws/install/nav_bot1/share/ament_index/resource_index/parent_prefix_path/nav_bot1
[0.880s] -- Up-to-date symlink: /home/indoor-navigation/Indoor-Navigation/Indoor-Navigation/server_ws/install/nav_bot1/share/nav_bot1/environment/ament_prefix_path.sh
[0.916s] -- Up-to-date symlink: /home/indoor-navigation/Indoor-Navigation/Indoor-Navigation/server_ws/install/nav_bot1/share/nav_bot1/environment/ament_prefix_path.dsv
[0.916s] -- Up-to-date symlink: /home/indoor-navigation/Indoor-Navigation/Indoor-Navigation/server_ws/install/nav_bot1/share/nav_bot1/environment/path.sh
[0.918s] -- Up-to-date symlink: /home/indoor-navigation/Indoor-Navigation/Indoor-Navigation/server_ws/install/nav_bot1/share/nav_bot1/environment/path.dsv
[0.920s] -- Up-to-date symlink: /home/indoor-navigation/Indoor-Navigation/Indoor-Navigation/server_ws/install/nav_bot1/share/nav_bot1/local_setup.bash
[0.921s] -- Up-to-date symlink: /home/indoor-navigation/Indoor-Navigation/Indoor-Navigation/server_ws/install/nav_bot1/share/nav_bot1/local_setup.sh
[0.922s] -- Up-to-date symlink: /home/indoor-navigation/Indoor-Navigation/Indoor-Navigation/server_ws/install/nav_bot1/share/nav_bot1/local_setup.zsh
[0.922s] -- Up-to-date symlink: /home/indoor-navigation/Indoor-Navigation/Indoor-Navigation/server_ws/install/nav_bot1/share/nav_bot1/local_setup.dsv
[0.924s] -- Symlinking: /home/indoor-navigation/Indoor-Navigation/Indoor-Navigation/server_ws/install/nav_bot1/share/nav_bot1/package.dsv
[0.936s] -- Up-to-date symlink: /home/indoor-navigation/Indoor-Navigation/Indoor-Navigation/server_ws/install/nav_bot1/share/ament_index/resource_index/packages/nav_bot1
[0.943s] -- Up-to-date symlink: /home/indoor-navigation/Indoor-Navigation/Indoor-Navigation/server_ws/install/nav_bot1/share/nav_bot1/cmake/nav_bot1Config.cmake
[0.944s] -- Up-to-date symlink: /home/indoor-navigation/Indoor-Navigation/Indoor-Navigation/server_ws/install/nav_bot1/share/nav_bot1/cmake/nav_bot1Config-version.cmake
[0.944s] -- Up-to-date symlink: /home/indoor-navigation/Indoor-Navigation/Indoor-Navigation/server_ws/install/nav_bot1/share/nav_bot1/package.xml
[0.971s] Invoked command in '/home/indoor-navigation/Indoor-Navigation/Indoor-Navigation/server_ws/build/nav_bot1' returned '0': CMAKE_PREFIX_PATH=${CMAKE_PREFIX_PATH}:/opt/ros/jazzy DEBUGINFOD_URLS=https://debuginfod.ubuntu.com /usr/bin/cmake --install /home/indoor-navigation/Indoor-Navigation/Indoor-Navigation/server_ws/build/nav_bot1
