[0.057s] Invoking command in '/home/indoor-navigation/Indoor-Navigation/Indoor-Navigation/server_ws/build/nav_bot1': CMAKE_PREFIX_PATH=${CMAKE_PREFIX_PATH}:/opt/ros/jazzy DEBUGINFOD_URLS=https://debuginfod.ubuntu.com /usr/bin/cmake --build /home/indoor-navigation/Indoor-Navigation/Indoor-Navigation/server_ws/build/nav_bot1 -- -j4 -l4
[0.504s] Invoked command in '/home/indoor-navigation/Indoor-Navigation/Indoor-Navigation/server_ws/build/nav_bot1' returned '0': CMAKE_PREFIX_PATH=${CMAKE_PREFIX_PATH}:/opt/ros/jazzy DEBUGINFOD_URLS=https://debuginfod.ubuntu.com /usr/bin/cmake --build /home/indoor-navigation/Indoor-Navigation/Indoor-Navigation/server_ws/build/nav_bot1 -- -j4 -l4
[0.693s] Invoking command in '/home/indoor-navigation/Indoor-Navigation/Indoor-Navigation/server_ws/build/nav_bot1': CMAKE_PREFIX_PATH=${CMAKE_PREFIX_PATH}:/opt/ros/jazzy DEBUGINFOD_URLS=https://debuginfod.ubuntu.com /usr/bin/cmake --install /home/indoor-navigation/Indoor-Navigation/Indoor-Navigation/server_ws/build/nav_bot1
[0.721s] -- Install configuration: ""
[0.744s] -- Execute custom install script
[0.749s] -- Up-to-date symlink: /home/indoor-navigation/Indoor-Navigation/Indoor-Navigation/server_ws/install/nav_bot1/share/nav_bot1/config/empty.yaml
[0.753s] -- Up-to-date symlink: /home/indoor-navigation/Indoor-Navigation/Indoor-Navigation/server_ws/install/nav_bot1/share/nav_bot1/description/inertial_macros.xacro
[0.753s] -- Up-to-date symlink: /home/indoor-navigation/Indoor-Navigation/Indoor-Navigation/server_ws/install/nav_bot1/share/nav_bot1/description/xiao_geek_robot.xacro
[0.757s] -- Up-to-date symlink: /home/indoor-navigation/Indoor-Navigation/Indoor-Navigation/server_ws/install/nav_bot1/share/nav_bot1/description/xiaor_geek_robot.urdf.xacro
[0.757s] -- Up-to-date symlink: /home/indoor-navigation/Indoor-Navigation/Indoor-Navigation/server_ws/install/nav_bot1/share/nav_bot1/launch/rsp.launch.py
[0.758s] -- Up-to-date symlink: /home/indoor-navigation/Indoor-Navigation/Indoor-Navigation/server_ws/install/nav_bot1/share/nav_bot1/worlds/empty.world
[0.761s] -- Up-to-date symlink: /home/indoor-navigation/Indoor-Navigation/Indoor-Navigation/server_ws/install/nav_bot1/share/ament_index/resource_index/package_run_dependencies/nav_bot1
[0.761s] -- Up-to-date symlink: /home/indoor-navigation/Indoor-Navigation/Indoor-Navigation/server_ws/install/nav_bot1/share/ament_index/resource_index/parent_prefix_path/nav_bot1
[0.762s] -- Up-to-date symlink: /home/indoor-navigation/Indoor-Navigation/Indoor-Navigation/server_ws/install/nav_bot1/share/nav_bot1/environment/ament_prefix_path.sh
[0.763s] -- Up-to-date symlink: /home/indoor-navigation/Indoor-Navigation/Indoor-Navigation/server_ws/install/nav_bot1/share/nav_bot1/environment/ament_prefix_path.dsv
[0.763s] -- Up-to-date symlink: /home/indoor-navigation/Indoor-Navigation/Indoor-Navigation/server_ws/install/nav_bot1/share/nav_bot1/environment/path.sh
[0.764s] -- Up-to-date symlink: /home/indoor-navigation/Indoor-Navigation/Indoor-Navigation/server_ws/install/nav_bot1/share/nav_bot1/environment/path.dsv
[0.765s] -- Up-to-date symlink: /home/indoor-navigation/Indoor-Navigation/Indoor-Navigation/server_ws/install/nav_bot1/share/nav_bot1/local_setup.bash
[0.765s] -- Up-to-date symlink: /home/indoor-navigation/Indoor-Navigation/Indoor-Navigation/server_ws/install/nav_bot1/share/nav_bot1/local_setup.sh
[0.766s] -- Up-to-date symlink: /home/indoor-navigation/Indoor-Navigation/Indoor-Navigation/server_ws/install/nav_bot1/share/nav_bot1/local_setup.zsh
[0.767s] -- Up-to-date symlink: /home/indoor-navigation/Indoor-Navigation/Indoor-Navigation/server_ws/install/nav_bot1/share/nav_bot1/local_setup.dsv
[0.767s] -- Symlinking: /home/indoor-navigation/Indoor-Navigation/Indoor-Navigation/server_ws/install/nav_bot1/share/nav_bot1/package.dsv
[0.885s] -- Up-to-date symlink: /home/indoor-navigation/Indoor-Navigation/Indoor-Navigation/server_ws/install/nav_bot1/share/ament_index/resource_index/packages/nav_bot1
[0.885s] -- Up-to-date symlink: /home/indoor-navigation/Indoor-Navigation/Indoor-Navigation/server_ws/install/nav_bot1/share/nav_bot1/cmake/nav_bot1Config.cmake
[0.886s] -- Up-to-date symlink: /home/indoor-navigation/Indoor-Navigation/Indoor-Navigation/server_ws/install/nav_bot1/share/nav_bot1/cmake/nav_bot1Config-version.cmake
[0.886s] -- Up-to-date symlink: /home/indoor-navigation/Indoor-Navigation/Indoor-Navigation/server_ws/install/nav_bot1/share/nav_bot1/package.xml
[0.886s] Invoked command in '/home/indoor-navigation/Indoor-Navigation/Indoor-Navigation/server_ws/build/nav_bot1' returned '0': CMAKE_PREFIX_PATH=${CMAKE_PREFIX_PATH}:/opt/ros/jazzy DEBUGINFOD_URLS=https://debuginfod.ubuntu.com /usr/bin/cmake --install /home/indoor-navigation/Indoor-Navigation/Indoor-Navigation/server_ws/build/nav_bot1
