[0.277s] DEBUG:colcon:Command line arguments: ['/usr/bin/colcon', 'build', '--symlink-install']
[0.277s] DEBUG:colcon:Parsed command line arguments: Namespace(log_base=None, log_level=None, verb_name='build', build_base='build', install_base='install', merge_install=False, symlink_install=True, test_result_base=None, continue_on_error=False, executor='parallel', parallel_workers=4, event_handlers=None, ignore_user_meta=False, metas=['./colcon.meta'], base_paths=['.'], packages_ignore=None, packages_ignore_regex=None, paths=None, packages_up_to=None, packages_up_to_regex=None, packages_above=None, packages_above_and_dependencies=None, packages_above_depth=None, packages_select_by_dep=None, packages_skip_by_dep=None, packages_skip_up_to=None, packages_select_build_failed=False, packages_skip_build_finished=False, packages_select_test_failures=False, packages_skip_test_passed=False, packages_select=None, packages_skip=None, packages_select_regex=None, packages_skip_regex=None, packages_start=None, packages_end=None, allow_overriding=[], cmake_args=None, cmake_target=None, cmake_target_skip_unavailable=False, cmake_clean_cache=False, cmake_clean_first=False, cmake_force_configure=False, ament_cmake_args=None, catkin_cmake_args=None, catkin_skip_building_tests=False, mixin_files=None, mixin=None, verb_parser=<colcon_mixin.mixin.mixin_argument.MixinArgumentDecorator object at 0x7c1c80eb10a0>, verb_extension=<colcon_core.verb.build.BuildVerb object at 0x7c1c80d6ad50>, main=<bound method BuildVerb.main of <colcon_core.verb.build.BuildVerb object at 0x7c1c80d6ad50>>, mixin_verb=('build',))
[0.423s] Level 1:colcon.colcon_core.package_discovery:discover_packages(colcon_meta) check parameters
[0.424s] Level 1:colcon.colcon_core.package_discovery:discover_packages(recursive) check parameters
[0.424s] Level 1:colcon.colcon_core.package_discovery:discover_packages(ignore) check parameters
[0.425s] Level 1:colcon.colcon_core.package_discovery:discover_packages(path) check parameters
[0.425s] Level 1:colcon.colcon_core.package_discovery:discover_packages(colcon_meta) discover
[0.425s] Level 1:colcon.colcon_core.package_discovery:discover_packages(recursive) discover
[0.425s] INFO:colcon.colcon_core.package_discovery:Crawling recursively for packages in '/home/indoor-navigation/Indoor-Navigation/Indoor-Navigation/server_ws'
[0.425s] Level 1:colcon.colcon_core.package_identification:_identify(.) by extensions ['ignore', 'ignore_ament_install']
[0.426s] Level 1:colcon.colcon_core.package_identification:_identify(.) by extension 'ignore'
[0.426s] Level 1:colcon.colcon_core.package_identification:_identify(.) by extension 'ignore_ament_install'
[0.426s] Level 1:colcon.colcon_core.package_identification:_identify(.) by extensions ['colcon_pkg']
[0.426s] Level 1:colcon.colcon_core.package_identification:_identify(.) by extension 'colcon_pkg'
[0.426s] Level 1:colcon.colcon_core.package_identification:_identify(.) by extensions ['colcon_meta']
[0.426s] Level 1:colcon.colcon_core.package_identification:_identify(.) by extension 'colcon_meta'
[0.427s] Level 1:colcon.colcon_core.package_identification:_identify(.) by extensions ['ros']
[0.427s] Level 1:colcon.colcon_core.package_identification:_identify(.) by extension 'ros'
[0.568s] Level 1:colcon.colcon_core.package_identification:_identify(.) by extensions ['cmake', 'python']
[0.568s] Level 1:colcon.colcon_core.package_identification:_identify(.) by extension 'cmake'
[0.569s] Level 1:colcon.colcon_core.package_identification:_identify(.) by extension 'python'
[0.569s] Level 1:colcon.colcon_core.package_identification:_identify(.) by extensions ['python_setup_py']
[0.569s] Level 1:colcon.colcon_core.package_identification:_identify(.) by extension 'python_setup_py'
[0.569s] Level 1:colcon.colcon_core.package_identification:_identify(build) by extensions ['ignore', 'ignore_ament_install']
[0.570s] Level 1:colcon.colcon_core.package_identification:_identify(build) by extension 'ignore'
[0.571s] Level 1:colcon.colcon_core.package_identification:_identify(build) ignored
[0.571s] Level 1:colcon.colcon_core.package_identification:_identify(install) by extensions ['ignore', 'ignore_ament_install']
[0.571s] Level 1:colcon.colcon_core.package_identification:_identify(install) by extension 'ignore'
[0.572s] Level 1:colcon.colcon_core.package_identification:_identify(install) ignored
[0.572s] Level 1:colcon.colcon_core.package_identification:_identify(log) by extensions ['ignore', 'ignore_ament_install']
[0.574s] Level 1:colcon.colcon_core.package_identification:_identify(log) by extension 'ignore'
[0.574s] Level 1:colcon.colcon_core.package_identification:_identify(log) ignored
[0.574s] Level 1:colcon.colcon_core.package_identification:_identify(src) by extensions ['ignore', 'ignore_ament_install']
[0.574s] Level 1:colcon.colcon_core.package_identification:_identify(src) by extension 'ignore'
[0.574s] Level 1:colcon.colcon_core.package_identification:_identify(src) by extension 'ignore_ament_install'
[0.575s] Level 1:colcon.colcon_core.package_identification:_identify(src) by extensions ['colcon_pkg']
[0.575s] Level 1:colcon.colcon_core.package_identification:_identify(src) by extension 'colcon_pkg'
[0.575s] Level 1:colcon.colcon_core.package_identification:_identify(src) by extensions ['colcon_meta']
[0.575s] Level 1:colcon.colcon_core.package_identification:_identify(src) by extension 'colcon_meta'
[0.575s] Level 1:colcon.colcon_core.package_identification:_identify(src) by extensions ['ros']
[0.575s] Level 1:colcon.colcon_core.package_identification:_identify(src) by extension 'ros'
[0.576s] Level 1:colcon.colcon_core.package_identification:_identify(src) by extensions ['cmake', 'python']
[0.576s] Level 1:colcon.colcon_core.package_identification:_identify(src) by extension 'cmake'
[0.577s] Level 1:colcon.colcon_core.package_identification:_identify(src) by extension 'python'
[0.577s] Level 1:colcon.colcon_core.package_identification:_identify(src) by extensions ['python_setup_py']
[0.578s] Level 1:colcon.colcon_core.package_identification:_identify(src) by extension 'python_setup_py'
[0.578s] Level 1:colcon.colcon_core.package_identification:_identify(src/build) by extensions ['ignore', 'ignore_ament_install']
[0.578s] Level 1:colcon.colcon_core.package_identification:_identify(src/build) by extension 'ignore'
[0.579s] Level 1:colcon.colcon_core.package_identification:_identify(src/build) ignored
[0.579s] Level 1:colcon.colcon_core.package_identification:_identify(src/install) by extensions ['ignore', 'ignore_ament_install']
[0.580s] Level 1:colcon.colcon_core.package_identification:_identify(src/install) by extension 'ignore'
[0.580s] Level 1:colcon.colcon_core.package_identification:_identify(src/install) ignored
[0.581s] Level 1:colcon.colcon_core.package_identification:_identify(src/log) by extensions ['ignore', 'ignore_ament_install']
[0.581s] Level 1:colcon.colcon_core.package_identification:_identify(src/log) by extension 'ignore'
[0.581s] Level 1:colcon.colcon_core.package_identification:_identify(src/log) ignored
[0.581s] Level 1:colcon.colcon_core.package_identification:_identify(src/nav_bot1) by extensions ['ignore', 'ignore_ament_install']
[0.582s] Level 1:colcon.colcon_core.package_identification:_identify(src/nav_bot1) by extension 'ignore'
[0.582s] Level 1:colcon.colcon_core.package_identification:_identify(src/nav_bot1) by extension 'ignore_ament_install'
[0.582s] Level 1:colcon.colcon_core.package_identification:_identify(src/nav_bot1) by extensions ['colcon_pkg']
[0.582s] Level 1:colcon.colcon_core.package_identification:_identify(src/nav_bot1) by extension 'colcon_pkg'
[0.583s] Level 1:colcon.colcon_core.package_identification:_identify(src/nav_bot1) by extensions ['colcon_meta']
[0.583s] Level 1:colcon.colcon_core.package_identification:_identify(src/nav_bot1) by extension 'colcon_meta'
[0.583s] Level 1:colcon.colcon_core.package_identification:_identify(src/nav_bot1) by extensions ['ros']
[0.583s] Level 1:colcon.colcon_core.package_identification:_identify(src/nav_bot1) by extension 'ros'
[0.591s] DEBUG:colcon.colcon_core.package_identification:Package 'src/nav_bot1' with type 'ros.ament_cmake' and name 'nav_bot1'
[0.592s] Level 1:colcon.colcon_core.package_discovery:discover_packages(recursive) using defaults
[0.592s] Level 1:colcon.colcon_core.package_discovery:discover_packages(ignore) discover
[0.592s] Level 1:colcon.colcon_core.package_discovery:discover_packages(ignore) using defaults
[0.592s] Level 1:colcon.colcon_core.package_discovery:discover_packages(path) discover
[0.592s] Level 1:colcon.colcon_core.package_discovery:discover_packages(path) using defaults
[0.666s] Level 1:colcon.colcon_core.package_discovery:discover_packages(prefix_path) check parameters
[0.666s] Level 1:colcon.colcon_core.package_discovery:discover_packages(prefix_path) discover
[0.673s] DEBUG:colcon.colcon_installed_package_information.package_discovery:Found 285 installed packages in /opt/ros/jazzy
[0.680s] Level 1:colcon.colcon_core.package_discovery:discover_packages(prefix_path) using defaults
[0.837s] Level 5:colcon.colcon_core.verb:set package 'nav_bot1' build argument 'cmake_args' from command line to 'None'
[0.838s] Level 5:colcon.colcon_core.verb:set package 'nav_bot1' build argument 'cmake_target' from command line to 'None'
[0.838s] Level 5:colcon.colcon_core.verb:set package 'nav_bot1' build argument 'cmake_target_skip_unavailable' from command line to 'False'
[0.838s] Level 5:colcon.colcon_core.verb:set package 'nav_bot1' build argument 'cmake_clean_cache' from command line to 'False'
[0.838s] Level 5:colcon.colcon_core.verb:set package 'nav_bot1' build argument 'cmake_clean_first' from command line to 'False'
[0.838s] Level 5:colcon.colcon_core.verb:set package 'nav_bot1' build argument 'cmake_force_configure' from command line to 'False'
[0.839s] Level 5:colcon.colcon_core.verb:set package 'nav_bot1' build argument 'ament_cmake_args' from command line to 'None'
[0.839s] Level 5:colcon.colcon_core.verb:set package 'nav_bot1' build argument 'catkin_cmake_args' from command line to 'None'
[0.839s] Level 5:colcon.colcon_core.verb:set package 'nav_bot1' build argument 'catkin_skip_building_tests' from command line to 'False'
[0.839s] DEBUG:colcon.colcon_core.verb:Building package 'nav_bot1' with the following arguments: {'ament_cmake_args': None, 'build_base': '/home/indoor-navigation/Indoor-Navigation/Indoor-Navigation/server_ws/build/nav_bot1', 'catkin_cmake_args': None, 'catkin_skip_building_tests': False, 'cmake_args': None, 'cmake_clean_cache': False, 'cmake_clean_first': False, 'cmake_force_configure': False, 'cmake_target': None, 'cmake_target_skip_unavailable': False, 'install_base': '/home/indoor-navigation/Indoor-Navigation/Indoor-Navigation/server_ws/install/nav_bot1', 'merge_install': False, 'path': '/home/indoor-navigation/Indoor-Navigation/Indoor-Navigation/server_ws/src/nav_bot1', 'symlink_install': True, 'test_result_base': None}
[0.839s] INFO:colcon.colcon_core.executor:Executing jobs using 'parallel' executor
[0.842s] DEBUG:colcon.colcon_parallel_executor.executor.parallel:run_until_complete
[0.843s] INFO:colcon.colcon_ros.task.ament_cmake.build:Building ROS package in '/home/indoor-navigation/Indoor-Navigation/Indoor-Navigation/server_ws/src/nav_bot1' with build type 'ament_cmake'
[0.845s] INFO:colcon.colcon_cmake.task.cmake.build:Building CMake package in '/home/indoor-navigation/Indoor-Navigation/Indoor-Navigation/server_ws/src/nav_bot1'
[0.864s] INFO:colcon.colcon_core.plugin_system:Skipping extension 'colcon_core.shell.bat': Not used on non-Windows systems
[0.866s] INFO:colcon.colcon_core.shell:Skip shell extension 'powershell' for command environment: Not usable outside of PowerShell
[0.866s] DEBUG:colcon.colcon_core.shell:Skip shell extension 'dsv' for command environment
[1.003s] DEBUG:colcon.colcon_core.event_handler.log_command:Invoking command in '/home/indoor-navigation/Indoor-Navigation/Indoor-Navigation/server_ws/build/nav_bot1': CMAKE_PREFIX_PATH=${CMAKE_PREFIX_PATH}:/opt/ros/jazzy DEBUGINFOD_URLS=https://debuginfod.ubuntu.com /usr/bin/cmake /home/indoor-navigation/Indoor-Navigation/Indoor-Navigation/server_ws/src/nav_bot1 -DAMENT_CMAKE_SYMLINK_INSTALL=1 -DCMAKE_INSTALL_PREFIX=/home/indoor-navigation/Indoor-Navigation/Indoor-Navigation/server_ws/install/nav_bot1
[2.810s] DEBUG:colcon.colcon_core.event_handler.log_command:Invoked command in '/home/indoor-navigation/Indoor-Navigation/Indoor-Navigation/server_ws/build/nav_bot1' returned '0': CMAKE_PREFIX_PATH=${CMAKE_PREFIX_PATH}:/opt/ros/jazzy DEBUGINFOD_URLS=https://debuginfod.ubuntu.com /usr/bin/cmake /home/indoor-navigation/Indoor-Navigation/Indoor-Navigation/server_ws/src/nav_bot1 -DAMENT_CMAKE_SYMLINK_INSTALL=1 -DCMAKE_INSTALL_PREFIX=/home/indoor-navigation/Indoor-Navigation/Indoor-Navigation/server_ws/install/nav_bot1
[2.812s] DEBUG:colcon.colcon_core.event_handler.log_command:Invoking command in '/home/indoor-navigation/Indoor-Navigation/Indoor-Navigation/server_ws/build/nav_bot1': CMAKE_PREFIX_PATH=${CMAKE_PREFIX_PATH}:/opt/ros/jazzy DEBUGINFOD_URLS=https://debuginfod.ubuntu.com /usr/bin/cmake --build /home/indoor-navigation/Indoor-Navigation/Indoor-Navigation/server_ws/build/nav_bot1 -- -j4 -l4
[3.021s] DEBUG:colcon.colcon_core.event_handler.log_command:Invoked command in '/home/indoor-navigation/Indoor-Navigation/Indoor-Navigation/server_ws/build/nav_bot1' returned '0': CMAKE_PREFIX_PATH=${CMAKE_PREFIX_PATH}:/opt/ros/jazzy DEBUGINFOD_URLS=https://debuginfod.ubuntu.com /usr/bin/cmake --build /home/indoor-navigation/Indoor-Navigation/Indoor-Navigation/server_ws/build/nav_bot1 -- -j4 -l4
[3.094s] DEBUG:colcon.colcon_core.event_handler.log_command:Invoking command in '/home/indoor-navigation/Indoor-Navigation/Indoor-Navigation/server_ws/build/nav_bot1': CMAKE_PREFIX_PATH=${CMAKE_PREFIX_PATH}:/opt/ros/jazzy DEBUGINFOD_URLS=https://debuginfod.ubuntu.com /usr/bin/cmake --install /home/indoor-navigation/Indoor-Navigation/Indoor-Navigation/server_ws/build/nav_bot1
[3.931s] Level 1:colcon.colcon_core.environment:create_environment_scripts_only(nav_bot1)
[3.934s] DEBUG:colcon.colcon_core.event_handler.log_command:Invoked command in '/home/indoor-navigation/Indoor-Navigation/Indoor-Navigation/server_ws/build/nav_bot1' returned '0': CMAKE_PREFIX_PATH=${CMAKE_PREFIX_PATH}:/opt/ros/jazzy DEBUGINFOD_URLS=https://debuginfod.ubuntu.com /usr/bin/cmake --install /home/indoor-navigation/Indoor-Navigation/Indoor-Navigation/server_ws/build/nav_bot1
[3.958s] Level 1:colcon.colcon_core.environment:checking '/home/indoor-navigation/Indoor-Navigation/Indoor-Navigation/server_ws/install/nav_bot1' for CMake module files
[3.971s] Level 1:colcon.colcon_core.environment:checking '/home/indoor-navigation/Indoor-Navigation/Indoor-Navigation/server_ws/install/nav_bot1' for CMake config files
[3.973s] Level 1:colcon.colcon_core.shell:create_environment_hook('nav_bot1', 'cmake_prefix_path')
[3.979s] INFO:colcon.colcon_core.shell:Creating environment hook '/home/indoor-navigation/Indoor-Navigation/Indoor-Navigation/server_ws/install/nav_bot1/share/nav_bot1/hook/cmake_prefix_path.ps1'
[3.984s] INFO:colcon.colcon_core.shell:Creating environment descriptor '/home/indoor-navigation/Indoor-Navigation/Indoor-Navigation/server_ws/install/nav_bot1/share/nav_bot1/hook/cmake_prefix_path.dsv'
[3.987s] INFO:colcon.colcon_core.shell:Creating environment hook '/home/indoor-navigation/Indoor-Navigation/Indoor-Navigation/server_ws/install/nav_bot1/share/nav_bot1/hook/cmake_prefix_path.sh'
[3.989s] Level 1:colcon.colcon_core.environment:checking '/home/indoor-navigation/Indoor-Navigation/Indoor-Navigation/server_ws/install/nav_bot1/bin'
[3.990s] Level 1:colcon.colcon_core.environment:checking '/home/indoor-navigation/Indoor-Navigation/Indoor-Navigation/server_ws/install/nav_bot1/lib/pkgconfig/nav_bot1.pc'
[3.991s] Level 1:colcon.colcon_core.environment:checking '/home/indoor-navigation/Indoor-Navigation/Indoor-Navigation/server_ws/install/nav_bot1/lib/python3.12/site-packages'
[3.993s] Level 1:colcon.colcon_core.environment:checking '/home/indoor-navigation/Indoor-Navigation/Indoor-Navigation/server_ws/install/nav_bot1/bin'
[3.994s] INFO:colcon.colcon_core.shell:Creating package script '/home/indoor-navigation/Indoor-Navigation/Indoor-Navigation/server_ws/install/nav_bot1/share/nav_bot1/package.ps1'
[3.997s] INFO:colcon.colcon_core.shell:Creating package descriptor '/home/indoor-navigation/Indoor-Navigation/Indoor-Navigation/server_ws/install/nav_bot1/share/nav_bot1/package.dsv'
[4.000s] INFO:colcon.colcon_core.shell:Creating package script '/home/indoor-navigation/Indoor-Navigation/Indoor-Navigation/server_ws/install/nav_bot1/share/nav_bot1/package.sh'
[4.003s] INFO:colcon.colcon_core.shell:Creating package script '/home/indoor-navigation/Indoor-Navigation/Indoor-Navigation/server_ws/install/nav_bot1/share/nav_bot1/package.bash'
[4.005s] INFO:colcon.colcon_core.shell:Creating package script '/home/indoor-navigation/Indoor-Navigation/Indoor-Navigation/server_ws/install/nav_bot1/share/nav_bot1/package.zsh'
[4.008s] Level 1:colcon.colcon_core.environment:create_file_with_runtime_dependencies(/home/indoor-navigation/Indoor-Navigation/Indoor-Navigation/server_ws/install/nav_bot1/share/colcon-core/packages/nav_bot1)
[4.010s] Level 1:colcon.colcon_core.environment:create_environment_scripts_only(nav_bot1)
[4.010s] Level 1:colcon.colcon_core.environment:checking '/home/indoor-navigation/Indoor-Navigation/Indoor-Navigation/server_ws/install/nav_bot1' for CMake module files
[4.011s] Level 1:colcon.colcon_core.environment:checking '/home/indoor-navigation/Indoor-Navigation/Indoor-Navigation/server_ws/install/nav_bot1' for CMake config files
[4.012s] Level 1:colcon.colcon_core.shell:create_environment_hook('nav_bot1', 'cmake_prefix_path')
[4.013s] INFO:colcon.colcon_core.shell:Creating environment hook '/home/indoor-navigation/Indoor-Navigation/Indoor-Navigation/server_ws/install/nav_bot1/share/nav_bot1/hook/cmake_prefix_path.ps1'
[4.014s] INFO:colcon.colcon_core.shell:Creating environment descriptor '/home/indoor-navigation/Indoor-Navigation/Indoor-Navigation/server_ws/install/nav_bot1/share/nav_bot1/hook/cmake_prefix_path.dsv'
[4.017s] INFO:colcon.colcon_core.shell:Creating environment hook '/home/indoor-navigation/Indoor-Navigation/Indoor-Navigation/server_ws/install/nav_bot1/share/nav_bot1/hook/cmake_prefix_path.sh'
[4.019s] Level 1:colcon.colcon_core.environment:checking '/home/indoor-navigation/Indoor-Navigation/Indoor-Navigation/server_ws/install/nav_bot1/bin'
[4.022s] Level 1:colcon.colcon_core.environment:checking '/home/indoor-navigation/Indoor-Navigation/Indoor-Navigation/server_ws/install/nav_bot1/lib/pkgconfig/nav_bot1.pc'
[4.023s] Level 1:colcon.colcon_core.environment:checking '/home/indoor-navigation/Indoor-Navigation/Indoor-Navigation/server_ws/install/nav_bot1/lib/python3.12/site-packages'
[4.024s] Level 1:colcon.colcon_core.environment:checking '/home/indoor-navigation/Indoor-Navigation/Indoor-Navigation/server_ws/install/nav_bot1/bin'
[4.024s] INFO:colcon.colcon_core.shell:Creating package script '/home/indoor-navigation/Indoor-Navigation/Indoor-Navigation/server_ws/install/nav_bot1/share/nav_bot1/package.ps1'
[4.025s] INFO:colcon.colcon_core.shell:Creating package descriptor '/home/indoor-navigation/Indoor-Navigation/Indoor-Navigation/server_ws/install/nav_bot1/share/nav_bot1/package.dsv'
[4.027s] INFO:colcon.colcon_core.shell:Creating package script '/home/indoor-navigation/Indoor-Navigation/Indoor-Navigation/server_ws/install/nav_bot1/share/nav_bot1/package.sh'
[4.028s] INFO:colcon.colcon_core.shell:Creating package script '/home/indoor-navigation/Indoor-Navigation/Indoor-Navigation/server_ws/install/nav_bot1/share/nav_bot1/package.bash'
[4.030s] INFO:colcon.colcon_core.shell:Creating package script '/home/indoor-navigation/Indoor-Navigation/Indoor-Navigation/server_ws/install/nav_bot1/share/nav_bot1/package.zsh'
[4.032s] Level 1:colcon.colcon_core.environment:create_file_with_runtime_dependencies(/home/indoor-navigation/Indoor-Navigation/Indoor-Navigation/server_ws/install/nav_bot1/share/colcon-core/packages/nav_bot1)
[4.035s] DEBUG:colcon.colcon_parallel_executor.executor.parallel:closing loop
[4.036s] DEBUG:colcon.colcon_parallel_executor.executor.parallel:loop closed
[4.036s] DEBUG:colcon.colcon_parallel_executor.executor.parallel:run_until_complete finished with '0'
[4.036s] DEBUG:colcon.colcon_core.event_reactor:joining thread
[4.057s] INFO:colcon.colcon_core.plugin_system:Skipping extension 'colcon_notification.desktop_notification.terminal_notifier': Not used on non-Darwin systems
[4.057s] INFO:colcon.colcon_core.plugin_system:Skipping extension 'colcon_notification.desktop_notification.win32': Not used on non-Windows systems
[4.057s] INFO:colcon.colcon_notification.desktop_notification:Sending desktop notification using 'notify2'
[4.139s] DEBUG:colcon.colcon_core.event_reactor:joined thread
[4.140s] INFO:colcon.colcon_core.shell:Creating prefix script '/home/indoor-navigation/Indoor-Navigation/Indoor-Navigation/server_ws/install/local_setup.ps1'
[4.142s] INFO:colcon.colcon_core.shell:Creating prefix util module '/home/indoor-navigation/Indoor-Navigation/Indoor-Navigation/server_ws/install/_local_setup_util_ps1.py'
[4.145s] INFO:colcon.colcon_core.shell:Creating prefix chain script '/home/indoor-navigation/Indoor-Navigation/Indoor-Navigation/server_ws/install/setup.ps1'
[4.151s] INFO:colcon.colcon_core.shell:Creating prefix script '/home/indoor-navigation/Indoor-Navigation/Indoor-Navigation/server_ws/install/local_setup.sh'
[4.158s] INFO:colcon.colcon_core.shell:Creating prefix util module '/home/indoor-navigation/Indoor-Navigation/Indoor-Navigation/server_ws/install/_local_setup_util_sh.py'
[4.166s] INFO:colcon.colcon_core.shell:Creating prefix chain script '/home/indoor-navigation/Indoor-Navigation/Indoor-Navigation/server_ws/install/setup.sh'
[4.172s] INFO:colcon.colcon_core.shell:Creating prefix script '/home/indoor-navigation/Indoor-Navigation/Indoor-Navigation/server_ws/install/local_setup.bash'
[4.180s] INFO:colcon.colcon_core.shell:Creating prefix chain script '/home/indoor-navigation/Indoor-Navigation/Indoor-Navigation/server_ws/install/setup.bash'
[4.184s] INFO:colcon.colcon_core.shell:Creating prefix script '/home/indoor-navigation/Indoor-Navigation/Indoor-Navigation/server_ws/install/local_setup.zsh'
[4.195s] INFO:colcon.colcon_core.shell:Creating prefix chain script '/home/indoor-navigation/Indoor-Navigation/Indoor-Navigation/server_ws/install/setup.zsh'
